TN:
SF:/Users/USER/Desktop/projects/andela/DOB/simulations/checkpoints/checkpoint04/Document-Manager-System/public/js/application.js
FN:1,e
FN:1,s
FN:1,(anonymous_3)
FN:1,(anonymous_4)
FN:2,(anonymous_5)
FN:42,(anonymous_6)
FN:48,fireAuth
FN:59,(anonymous_8)
FN:73,(anonymous_9)
FN:179,(anonymous_10)
FN:180,(anonymous_11)
FN:191,(anonymous_12)
FN:193,(anonymous_13)
FN:194,(anonymous_14)
FN:197,(anonymous_15)
FN:200,(anonymous_16)
FN:222,(anonymous_17)
FN:228,(anonymous_18)
FN:239,deleteDoc
FN:242,(anonymous_20)
FN:245,(anonymous_21)
FN:251,(anonymous_22)
FN:252,(anonymous_23)
FN:255,(anonymous_24)
FN:262,deleteUser
FN:265,(anonymous_26)
FN:268,(anonymous_27)
FN:275,(anonymous_28)
FN:289,(anonymous_29)
FN:290,(anonymous_30)
FN:293,(anonymous_31)
FN:301,deleteRole
FN:304,(anonymous_33)
FN:307,(anonymous_34)
FN:313,(anonymous_35)
FN:324,(anonymous_36)
FN:335,(anonymous_37)
FN:336,(anonymous_38)
FN:349,(anonymous_39)
FN:353,(anonymous_40)
FN:354,(anonymous_41)
FN:359,(anonymous_42)
FN:361,(anonymous_43)
FN:382,(anonymous_44)
FN:384,(anonymous_45)
FN:386,(anonymous_46)
FN:399,(anonymous_47)
FN:400,(anonymous_48)
FN:413,(anonymous_49)
FN:421,(anonymous_50)
FN:423,(anonymous_51)
FN:429,(anonymous_52)
FN:435,(anonymous_53)
FN:442,(anonymous_54)
FN:450,(anonymous_55)
FN:452,(anonymous_56)
FN:459,(anonymous_57)
FN:464,(anonymous_58)
FN:469,(anonymous_59)
FN:473,(anonymous_60)
FN:477,(anonymous_61)
FN:482,(anonymous_62)
FN:491,(anonymous_63)
FN:497,(anonymous_64)
FN:498,(anonymous_65)
FN:510,(anonymous_66)
FN:517,(anonymous_67)
FN:529,(anonymous_68)
FN:532,(anonymous_69)
FN:538,(anonymous_70)
FN:541,(anonymous_71)
FN:548,(anonymous_72)
FN:558,(anonymous_73)
FN:561,(anonymous_74)
FN:566,(anonymous_75)
FN:572,(anonymous_76)
FN:582,(anonymous_77)
FN:583,(anonymous_78)
FN:588,(anonymous_79)
FN:594,(anonymous_80)
FN:604,(anonymous_81)
FN:614,(anonymous_82)
FN:629,(anonymous_83)
FN:630,(anonymous_84)
FN:636,(anonymous_85)
FN:639,(anonymous_86)
FN:640,(anonymous_87)
FN:656,(anonymous_88)
FN:662,(anonymous_89)
FN:664,(anonymous_90)
FN:665,(anonymous_91)
FN:670,(anonymous_92)
FN:673,(anonymous_93)
FN:674,(anonymous_94)
FN:680,(anonymous_95)
FN:681,(anonymous_96)
FN:684,(anonymous_97)
FN:691,(anonymous_98)
FN:692,(anonymous_99)
FN:697,(anonymous_100)
FN:701,(anonymous_101)
FN:711,(anonymous_102)
FN:711,(anonymous_103)
FN:712,(anonymous_104)
FN:714,(anonymous_105)
FN:720,(anonymous_106)
FN:728,(anonymous_107)
FN:728,(anonymous_108)
FN:732,(anonymous_109)
FN:737,(anonymous_110)
FN:743,DialogController
FN:745,(anonymous_112)
FN:749,(anonymous_113)
FN:754,(anonymous_114)
FN:755,(anonymous_115)
FN:759,(anonymous_116)
FN:760,(anonymous_117)
FN:765,(anonymous_118)
FN:766,(anonymous_119)
FN:771,(anonymous_120)
FN:788,(anonymous_121)
FN:790,(anonymous_122)
FN:793,(anonymous_123)
FN:799,(anonymous_124)
FN:801,(anonymous_125)
FN:804,(anonymous_126)
FN:810,(anonymous_127)
FN:812,(anonymous_128)
FN:815,(anonymous_129)
FN:821,(anonymous_130)
FN:823,(anonymous_131)
FN:826,(anonymous_132)
FN:832,(anonymous_133)
FN:834,(anonymous_134)
FN:837,(anonymous_135)
FN:845,(anonymous_136)
FN:846,(anonymous_137)
FN:852,(anonymous_138)
FN:866,(anonymous_139)
FN:867,(anonymous_140)
FN:872,(anonymous_141)
FN:876,(anonymous_142)
FN:885,(anonymous_143)
FN:890,(anonymous_144)
FN:900,(anonymous_145)
FN:902,(anonymous_146)
FN:906,(anonymous_147)
FN:921,(anonymous_148)
FN:923,(anonymous_149)
FN:933,(anonymous_150)
FN:946,(anonymous_151)
FN:947,(anonymous_152)
FN:953,(anonymous_153)
FN:966,(anonymous_154)
FN:968,(anonymous_155)
FN:971,(anonymous_156)
FN:977,(anonymous_157)
FN:979,(anonymous_158)
FN:982,(anonymous_159)
FN:988,(anonymous_160)
FN:992,(anonymous_161)
FN:995,(anonymous_162)
FN:1001,(anonymous_163)
FN:1004,(anonymous_164)
FN:1007,(anonymous_165)
FN:1015,(anonymous_166)
FN:1016,(anonymous_167)
FN:1021,(anonymous_168)
FN:1022,(anonymous_169)
FN:1025,(anonymous_170)
FN:1037,(anonymous_171)
FN:1041,(anonymous_172)
FNF:172
FNH:144
FNDA:1,e
FNDA:15,s
FNDA:14,(anonymous_3)
FNDA:1,(anonymous_4)
FNDA:1,(anonymous_5)
FNDA:74,(anonymous_6)
FNDA:23,fireAuth
FNDA:23,(anonymous_8)
FNDA:74,(anonymous_9)
FNDA:1,(anonymous_10)
FNDA:1,(anonymous_11)
FNDA:12,(anonymous_12)
FNDA:13,(anonymous_13)
FNDA:13,(anonymous_14)
FNDA:13,(anonymous_15)
FNDA:13,(anonymous_16)
FNDA:0,(anonymous_17)
FNDA:2,(anonymous_18)
FNDA:2,deleteDoc
FNDA:2,(anonymous_20)
FNDA:0,(anonymous_21)
FNDA:1,(anonymous_22)
FNDA:1,(anonymous_23)
FNDA:1,(anonymous_24)
FNDA:2,deleteUser
FNDA:2,(anonymous_26)
FNDA:0,(anonymous_27)
FNDA:2,(anonymous_28)
FNDA:2,(anonymous_29)
FNDA:1,(anonymous_30)
FNDA:2,(anonymous_31)
FNDA:2,deleteRole
FNDA:2,(anonymous_33)
FNDA:0,(anonymous_34)
FNDA:2,(anonymous_35)
FNDA:2,(anonymous_36)
FNDA:1,(anonymous_37)
FNDA:1,(anonymous_38)
FNDA:5,(anonymous_39)
FNDA:1,(anonymous_40)
FNDA:1,(anonymous_41)
FNDA:4,(anonymous_42)
FNDA:4,(anonymous_43)
FNDA:2,(anonymous_44)
FNDA:2,(anonymous_45)
FNDA:0,(anonymous_46)
FNDA:1,(anonymous_47)
FNDA:1,(anonymous_48)
FNDA:9,(anonymous_49)
FNDA:12,(anonymous_50)
FNDA:12,(anonymous_51)
FNDA:12,(anonymous_52)
FNDA:11,(anonymous_53)
FNDA:11,(anonymous_54)
FNDA:12,(anonymous_55)
FNDA:12,(anonymous_56)
FNDA:1,(anonymous_57)
FNDA:1,(anonymous_58)
FNDA:1,(anonymous_59)
FNDA:1,(anonymous_60)
FNDA:2,(anonymous_61)
FNDA:2,(anonymous_62)
FNDA:1,(anonymous_63)
FNDA:1,(anonymous_64)
FNDA:1,(anonymous_65)
FNDA:15,(anonymous_66)
FNDA:0,(anonymous_67)
FNDA:3,(anonymous_68)
FNDA:3,(anonymous_69)
FNDA:2,(anonymous_70)
FNDA:1,(anonymous_71)
FNDA:1,(anonymous_72)
FNDA:2,(anonymous_73)
FNDA:2,(anonymous_74)
FNDA:0,(anonymous_75)
FNDA:1,(anonymous_76)
FNDA:2,(anonymous_77)
FNDA:2,(anonymous_78)
FNDA:0,(anonymous_79)
FNDA:1,(anonymous_80)
FNDA:2,(anonymous_81)
FNDA:3,(anonymous_82)
FNDA:1,(anonymous_83)
FNDA:1,(anonymous_84)
FNDA:3,(anonymous_85)
FNDA:2,(anonymous_86)
FNDA:2,(anonymous_87)
FNDA:1,(anonymous_88)
FNDA:1,(anonymous_89)
FNDA:1,(anonymous_90)
FNDA:1,(anonymous_91)
FNDA:2,(anonymous_92)
FNDA:3,(anonymous_93)
FNDA:3,(anonymous_94)
FNDA:1,(anonymous_95)
FNDA:1,(anonymous_96)
FNDA:0,(anonymous_97)
FNDA:1,(anonymous_98)
FNDA:1,(anonymous_99)
FNDA:0,(anonymous_100)
FNDA:0,(anonymous_101)
FNDA:0,(anonymous_102)
FNDA:0,(anonymous_103)
FNDA:0,(anonymous_104)
FNDA:0,(anonymous_105)
FNDA:0,(anonymous_106)
FNDA:0,(anonymous_107)
FNDA:0,(anonymous_108)
FNDA:0,(anonymous_109)
FNDA:0,(anonymous_110)
FNDA:0,DialogController
FNDA:0,(anonymous_112)
FNDA:0,(anonymous_113)
FNDA:1,(anonymous_114)
FNDA:1,(anonymous_115)
FNDA:0,(anonymous_116)
FNDA:0,(anonymous_117)
FNDA:1,(anonymous_118)
FNDA:1,(anonymous_119)
FNDA:10,(anonymous_120)
FNDA:2,(anonymous_121)
FNDA:1,(anonymous_122)
FNDA:1,(anonymous_123)
FNDA:2,(anonymous_124)
FNDA:1,(anonymous_125)
FNDA:1,(anonymous_126)
FNDA:2,(anonymous_127)
FNDA:1,(anonymous_128)
FNDA:1,(anonymous_129)
FNDA:2,(anonymous_130)
FNDA:1,(anonymous_131)
FNDA:1,(anonymous_132)
FNDA:2,(anonymous_133)
FNDA:1,(anonymous_134)
FNDA:1,(anonymous_135)
FNDA:1,(anonymous_136)
FNDA:1,(anonymous_137)
FNDA:9,(anonymous_138)
FNDA:1,(anonymous_139)
FNDA:1,(anonymous_140)
FNDA:74,(anonymous_141)
FNDA:5,(anonymous_142)
FNDA:2,(anonymous_143)
FNDA:2,(anonymous_144)
FNDA:74,(anonymous_145)
FNDA:67,(anonymous_146)
FNDA:2,(anonymous_147)
FNDA:74,(anonymous_148)
FNDA:64,(anonymous_149)
FNDA:8,(anonymous_150)
FNDA:1,(anonymous_151)
FNDA:1,(anonymous_152)
FNDA:74,(anonymous_153)
FNDA:2,(anonymous_154)
FNDA:1,(anonymous_155)
FNDA:1,(anonymous_156)
FNDA:2,(anonymous_157)
FNDA:1,(anonymous_158)
FNDA:1,(anonymous_159)
FNDA:75,(anonymous_160)
FNDA:24,(anonymous_161)
FNDA:0,(anonymous_162)
FNDA:2,(anonymous_163)
FNDA:1,(anonymous_164)
FNDA:1,(anonymous_165)
FNDA:1,(anonymous_166)
FNDA:1,(anonymous_167)
FNDA:46,(anonymous_168)
FNDA:9,(anonymous_169)
FNDA:2,(anonymous_170)
FNDA:0,(anonymous_171)
FNDA:0,(anonymous_172)
DA:1,15
DA:2,1
DA:5,1
DA:6,1
DA:7,1
DA:10,1
DA:11,1
DA:12,1
DA:13,1
DA:14,1
DA:17,1
DA:18,1
DA:19,1
DA:20,1
DA:21,1
DA:22,1
DA:23,1
DA:24,1
DA:27,1
DA:29,1
DA:46,74
DA:48,1
DA:49,23
DA:50,0
DA:51,0
DA:53,23
DA:54,23
DA:59,74
DA:60,23
DA:61,23
DA:62,23
DA:64,0
DA:79,74
DA:165,74
DA:168,74
DA:171,74
DA:175,74
DA:180,1
DA:183,1
DA:193,12
DA:194,13
DA:195,13
DA:197,13
DA:198,13
DA:200,13
DA:201,13
DA:205,12
DA:208,12
DA:216,12
DA:222,12
DA:223,0
DA:224,0
DA:228,12
DA:229,2
DA:230,2
DA:239,1
DA:240,2
DA:243,2
DA:244,2
DA:246,0
DA:251,12
DA:252,1
DA:253,1
DA:254,1
DA:256,1
DA:257,1
DA:262,1
DA:263,2
DA:266,2
DA:267,2
DA:269,0
DA:275,12
DA:276,2
DA:277,2
DA:289,12
DA:290,2
DA:291,1
DA:292,1
DA:294,2
DA:295,2
DA:301,1
DA:302,2
DA:305,2
DA:306,2
DA:308,0
DA:313,12
DA:314,2
DA:315,2
DA:324,12
DA:325,2
DA:326,4
DA:327,1
DA:336,1
DA:339,1
DA:353,5
DA:354,1
DA:355,1
DA:359,5
DA:360,4
DA:361,4
DA:362,4
DA:363,2
DA:364,2
DA:365,2
DA:370,2
DA:371,2
DA:372,2
DA:373,2
DA:374,0
DA:376,2
DA:382,5
DA:383,2
DA:384,2
DA:385,2
DA:387,0
DA:388,0
DA:389,0
DA:390,0
DA:392,0
DA:400,1
DA:403,1
DA:416,9
DA:421,9
DA:422,12
DA:424,12
DA:425,12
DA:429,12
DA:430,12
DA:431,12
DA:435,12
DA:436,11
DA:437,11
DA:442,12
DA:443,11
DA:444,11
DA:448,12
DA:451,12
DA:453,12
DA:457,9
DA:459,9
DA:460,1
DA:461,1
DA:464,9
DA:465,1
DA:466,1
DA:469,9
DA:470,1
DA:473,9
DA:474,1
DA:477,9
DA:478,2
DA:482,9
DA:483,2
DA:485,1
DA:487,1
DA:491,9
DA:492,1
DA:498,1
DA:501,1
DA:514,15
DA:517,15
DA:519,0
DA:520,0
DA:521,0
DA:526,15
DA:529,15
DA:530,3
DA:533,3
DA:538,15
DA:539,2
DA:540,2
DA:541,2
DA:542,1
DA:543,1
DA:549,1
DA:550,0
DA:552,1
DA:558,15
DA:559,2
DA:562,2
DA:563,2
DA:567,0
DA:572,15
DA:573,1
DA:582,15
DA:583,2
DA:584,2
DA:585,1
DA:589,0
DA:594,15
DA:595,1
DA:604,15
DA:605,2
DA:607,1
DA:609,1
DA:614,15
DA:615,3
DA:617,1
DA:619,2
DA:621,1
DA:623,1
DA:630,1
DA:633,1
DA:639,3
DA:640,2
DA:641,2
DA:642,1
DA:643,1
DA:644,1
DA:645,1
DA:646,1
DA:648,1
DA:654,3
DA:656,3
DA:657,1
DA:665,1
DA:668,1
DA:673,2
DA:674,3
DA:675,3
DA:678,2
DA:680,2
DA:681,1
DA:682,1
DA:683,1
DA:685,0
DA:692,1
DA:695,1
DA:699,0
DA:701,0
DA:702,0
DA:703,0
DA:712,0
DA:713,0
DA:715,0
DA:720,0
DA:721,0
DA:732,0
DA:733,0
DA:737,0
DA:738,0
DA:743,1
DA:745,0
DA:746,0
DA:749,0
DA:750,0
DA:755,1
DA:758,1
DA:760,0
DA:761,0
DA:766,1
DA:769,1
DA:773,10
DA:788,10
DA:789,2
DA:791,1
DA:794,1
DA:799,10
DA:800,2
DA:802,1
DA:805,1
DA:810,10
DA:811,2
DA:813,1
DA:816,1
DA:821,10
DA:822,2
DA:824,1
DA:827,1
DA:832,10
DA:833,2
DA:835,1
DA:838,1
DA:841,10
DA:846,1
DA:850,1
DA:853,9
DA:867,1
DA:870,1
DA:873,74
DA:876,74
DA:877,5
DA:878,1
DA:880,4
DA:885,74
DA:886,2
DA:890,74
DA:891,2
DA:894,74
DA:901,74
DA:902,74
DA:903,67
DA:906,74
DA:907,2
DA:908,0
DA:910,2
DA:913,74
DA:922,74
DA:923,74
DA:925,64
DA:927,64
DA:928,52
DA:930,64
DA:933,74
DA:935,8
DA:936,0
DA:937,0
DA:940,8
DA:942,74
DA:947,1
DA:951,1
DA:955,74
DA:966,74
DA:967,2
DA:969,1
DA:972,1
DA:977,74
DA:978,2
DA:980,1
DA:983,1
DA:988,74
DA:989,75
DA:993,24
DA:996,0
DA:1001,74
DA:1002,2
DA:1005,1
DA:1008,1
DA:1011,74
DA:1016,1
DA:1019,1
DA:1022,46
DA:1023,9
DA:1025,46
DA:1026,2
DA:1038,0
DA:1039,0
LF:337
LH:291
BRDA:1,1,0,15
BRDA:1,1,1,0
BRDA:1,2,0,0
BRDA:1,2,1,15
BRDA:1,3,0,0
BRDA:1,3,1,0
BRDA:1,4,0,0
BRDA:1,4,1,0
BRDA:1,5,0,0
BRDA:1,5,1,0
BRDA:1,6,0,0
BRDA:1,6,1,0
BRDA:1,7,0,14
BRDA:1,7,1,0
BRDA:1,8,0,1
BRDA:1,8,1,0
BRDA:49,9,0,0
BRDA:49,9,1,23
BRDA:49,10,0,23
BRDA:49,10,1,0
BRDA:60,11,0,23
BRDA:60,11,1,0
BRDA:60,12,0,23
BRDA:60,12,1,23
BRDA:326,13,0,1
BRDA:326,13,1,3
BRDA:362,14,0,2
BRDA:362,14,1,2
BRDA:362,15,0,4
BRDA:362,15,1,2
BRDA:373,16,0,0
BRDA:373,16,1,2
BRDA:387,17,0,0
BRDA:387,17,1,0
BRDA:389,18,0,0
BRDA:389,18,1,0
BRDA:424,19,0,12
BRDA:424,19,1,0
BRDA:424,20,0,12
BRDA:424,20,1,12
BRDA:430,21,0,12
BRDA:430,21,1,0
BRDA:430,22,0,12
BRDA:430,22,1,12
BRDA:436,23,0,11
BRDA:436,23,1,0
BRDA:436,24,0,11
BRDA:436,24,1,11
BRDA:443,25,0,11
BRDA:443,25,1,0
BRDA:443,26,0,11
BRDA:443,26,1,11
BRDA:483,27,0,1
BRDA:483,27,1,1
BRDA:483,28,0,2
BRDA:483,28,1,2
BRDA:520,29,0,0
BRDA:520,29,1,0
BRDA:549,30,0,0
BRDA:549,30,1,1
BRDA:589,31,0,0
BRDA:589,31,1,0
BRDA:589,31,2,0
BRDA:605,32,0,1
BRDA:605,32,1,1
BRDA:605,33,0,2
BRDA:605,33,1,1
BRDA:615,34,0,1
BRDA:615,34,1,2
BRDA:615,35,0,3
BRDA:615,35,1,2
BRDA:619,36,0,1
BRDA:619,36,1,1
BRDA:619,37,0,2
BRDA:619,37,1,2
BRDA:641,38,0,1
BRDA:641,38,1,1
BRDA:641,39,0,2
BRDA:641,39,1,1
BRDA:685,40,0,0
BRDA:685,40,1,0
BRDA:685,40,2,0
BRDA:699,41,0,0
BRDA:699,41,1,0
BRDA:702,42,0,0
BRDA:702,42,1,0
BRDA:702,42,2,0
BRDA:713,43,0,0
BRDA:713,43,1,0
BRDA:877,44,0,1
BRDA:877,44,1,4
BRDA:907,45,0,0
BRDA:907,45,1,2
BRDA:927,46,0,52
BRDA:927,46,1,12
BRDA:935,47,0,0
BRDA:935,47,1,8
BRDA:1038,48,0,0
BRDA:1038,48,1,0
BRF:99
BRH:55
end_of_record
